********************************************************************************
*                   Thursday, September 27, 2018 9:27:45 AM                    *
********************************************************************************
CSharpCompilerWrapper.exe version: 4.0.4.230
Unity version: 2018.2.6f1
Platform: Windows
Target assembly: Assembly-CSharp.dll
Project directory: C:\Users\User\Documents\Soldak Modding Tool
Target profile directory: C:\Program Files\Unity\Editor\Data\MonoBleedingEdge\lib\mono\unityjit
Unity Mono executable: C:\Program Files\Unity\Editor\Data\MonoBleedingEdge\bin\mono.exe
Compiler: Microsoft C# 7.3 (2.8.0.62830)

- Compilation ------------------------------------------------

Process: C:\Users\User\Documents\Soldak Modding Tool\CSharp70Support\Roslyn\csc.exe
Arguments: -noconfig @Temp/UnityTempFile-44638b0b0f15f0d448727616ffa6507d
Exit code: 0
Elapsed time: 2.83 sec

- Output (0 lines):

- Errors (0 lines):

********************************************************************************
*                   Thursday, September 27, 2018 9:28:59 AM                    *
********************************************************************************
CSharpCompilerWrapper.exe version: 4.0.4.230
Unity version: 2018.2.6f1
Platform: Windows
Target assembly: Assembly-CSharp.dll
Project directory: C:\Users\User\Documents\Soldak Modding Tool
Target profile directory: C:\Program Files\Unity\Editor\Data\MonoBleedingEdge\lib\mono\unityjit
Unity Mono executable: C:\Program Files\Unity\Editor\Data\MonoBleedingEdge\bin\mono.exe
Compiler: Microsoft C# 7.3 (2.8.0.62830)

- Compilation ------------------------------------------------

Process: C:\Users\User\Documents\Soldak Modding Tool\CSharp70Support\Roslyn\csc.exe
Arguments: -noconfig @Temp/UnityTempFile-ada50c166d5ec594da2670b51a7537d0
Exit code: 0
Elapsed time: 2.85 sec

- Output (0 lines):

- Errors (0 lines):

********************************************************************************
*                   Thursday, September 27, 2018 9:31:39 AM                    *
********************************************************************************
CSharpCompilerWrapper.exe version: 4.0.4.230
Unity version: 2018.2.6f1
Platform: Windows
Target assembly: Assembly-CSharp.dll
Project directory: C:\Users\User\Documents\Soldak Modding Tool
Target profile directory: C:\Program Files\Unity\Editor\Data\MonoBleedingEdge\lib\mono\unityjit
Unity Mono executable: C:\Program Files\Unity\Editor\Data\MonoBleedingEdge\bin\mono.exe
Compiler: Microsoft C# 7.3 (2.8.0.62830)

- Compilation ------------------------------------------------

Process: C:\Users\User\Documents\Soldak Modding Tool\CSharp70Support\Roslyn\csc.exe
Arguments: -noconfig @Temp/UnityTempFile-4ec65bf6654549a4cb6a845bef0cbe71
Exit code: 0
Elapsed time: 3.27 sec

- Output (0 lines):

- Errors (0 lines):

********************************************************************************
*                   Thursday, September 27, 2018 9:31:58 AM                    *
********************************************************************************
CSharpCompilerWrapper.exe version: 4.0.4.230
Unity version: 2018.2.6f1
Platform: Windows
Target assembly: Assembly-CSharp.dll
Project directory: C:\Users\User\Documents\Soldak Modding Tool
Target profile directory: C:\Program Files\Unity\Editor\Data\MonoBleedingEdge\lib\mono\unityjit
Unity Mono executable: C:\Program Files\Unity\Editor\Data\MonoBleedingEdge\bin\mono.exe
Compiler: Microsoft C# 7.3 (2.8.0.62830)

- Compilation ------------------------------------------------

Process: C:\Users\User\Documents\Soldak Modding Tool\CSharp70Support\Roslyn\csc.exe
Arguments: -noconfig @Temp/UnityTempFile-1bd318a96b1fb8040865c9e8633af737
Exit code: 0
Elapsed time: 2.85 sec

- Output (0 lines):

- Errors (0 lines):

********************************************************************************
*                   Thursday, September 27, 2018 9:32:26 AM                    *
********************************************************************************
CSharpCompilerWrapper.exe version: 4.0.4.230
Unity version: 2018.2.6f1
Platform: Windows
Target assembly: Assembly-CSharp.dll
Project directory: C:\Users\User\Documents\Soldak Modding Tool
Target profile directory: C:\Program Files\Unity\Editor\Data\MonoBleedingEdge\lib\mono\unityjit
Unity Mono executable: C:\Program Files\Unity\Editor\Data\MonoBleedingEdge\bin\mono.exe
Compiler: Microsoft C# 7.3 (2.8.0.62830)

- Compilation ------------------------------------------------

Process: C:\Users\User\Documents\Soldak Modding Tool\CSharp70Support\Roslyn\csc.exe
Arguments: -noconfig @Temp/UnityTempFile-edae57950505aef4a850d735054b7de5
Exit code: 0
Elapsed time: 3.03 sec

- Output (0 lines):

- Errors (0 lines):

********************************************************************************
*                   Thursday, September 27, 2018 9:34:40 AM                    *
********************************************************************************
CSharpCompilerWrapper.exe version: 4.0.4.230
Unity version: 2018.2.6f1
Platform: Windows
Target assembly: Assembly-CSharp.dll
Project directory: C:\Users\User\Documents\Soldak Modding Tool
Target profile directory: C:\Program Files\Unity\Editor\Data\MonoBleedingEdge\lib\mono\unityjit
Unity Mono executable: C:\Program Files\Unity\Editor\Data\MonoBleedingEdge\bin\mono.exe
Compiler: Microsoft C# 7.3 (2.8.0.62830)

- Compilation ------------------------------------------------

Process: C:\Users\User\Documents\Soldak Modding Tool\CSharp70Support\Roslyn\csc.exe
Arguments: -noconfig @Temp/UnityTempFile-d015daa8c6bea8c47b24482ff68cd5ef
Exit code: 0
Elapsed time: 2.87 sec

- Output (0 lines):

- Errors (0 lines):

********************************************************************************
*                   Thursday, September 27, 2018 9:34:47 AM                    *
********************************************************************************
CSharpCompilerWrapper.exe version: 4.0.4.230
Unity version: 2018.2.6f1
Platform: Windows
Target assembly: Assembly-CSharp.dll
Project directory: C:\Users\User\Documents\Soldak Modding Tool
Target profile directory: C:\Program Files\Unity\Editor\Data\MonoBleedingEdge\lib\mono\unityjit
Unity Mono executable: C:\Program Files\Unity\Editor\Data\MonoBleedingEdge\bin\mono.exe
Compiler: Microsoft C# 7.3 (2.8.0.62830)

- Compilation ------------------------------------------------

Process: C:\Users\User\Documents\Soldak Modding Tool\CSharp70Support\Roslyn\csc.exe
Arguments: -noconfig @Temp/UnityTempFile-d8649e29ae9453d499ab7fdfead322a9
Exit code: 0
Elapsed time: 2.91 sec

- Output (0 lines):

- Errors (0 lines):

********************************************************************************
*                   Thursday, September 27, 2018 9:34:54 AM                    *
********************************************************************************
CSharpCompilerWrapper.exe version: 4.0.4.230
Unity version: 2018.2.6f1
Platform: Windows
Target assembly: Assembly-CSharp.dll
Project directory: C:\Users\User\Documents\Soldak Modding Tool
Target profile directory: C:\Program Files\Unity\Editor\Data\MonoBleedingEdge\lib\mono\unityjit
Unity Mono executable: C:\Program Files\Unity\Editor\Data\MonoBleedingEdge\bin\mono.exe
Compiler: Microsoft C# 7.3 (2.8.0.62830)

- Compilation ------------------------------------------------

Process: C:\Users\User\Documents\Soldak Modding Tool\CSharp70Support\Roslyn\csc.exe
Arguments: -noconfig @Temp/UnityTempFile-eea4ffad2af6c5d4398094e7b6ebb09f
Exit code: 0
Elapsed time: 3.00 sec

- Output (0 lines):

- Errors (0 lines):

********************************************************************************
*                   Thursday, September 27, 2018 9:37:12 AM                    *
********************************************************************************
CSharpCompilerWrapper.exe version: 4.0.4.230
Unity version: 2018.2.6f1
Platform: Windows
Target assembly: Assembly-CSharp.dll
Project directory: C:\Users\User\Documents\Soldak Modding Tool
Target profile directory: C:\Program Files\Unity\Editor\Data\MonoBleedingEdge\lib\mono\unityjit
Unity Mono executable: C:\Program Files\Unity\Editor\Data\MonoBleedingEdge\bin\mono.exe
Compiler: Microsoft C# 7.3 (2.8.0.62830)

- Compilation ------------------------------------------------

Process: C:\Users\User\Documents\Soldak Modding Tool\CSharp70Support\Roslyn\csc.exe
Arguments: -noconfig @Temp/UnityTempFile-9e7ea8dad66a078488c04b54aa286c78
Exit code: 0
Elapsed time: 2.92 sec

- Output (0 lines):

- Errors (0 lines):

